<?xml version="1.0" encoding="UTF-8"?>
<!-- Generated by org.testng.reporters.JUnitXMLReporter -->
<testsuite hostname="Humaira" ignored="0" name="Bank Test" tests="5" failures="0" timestamp="2022-12-12T11:44:29 GMT" time="28.938" errors="0">
  <testcase name="bankManagerShouldAddCustomerSuccessfully" time="0.549" classname="com.bank.testsuite.BankTest"/>
  <testcase name="bankManagerShouldOpenAccountSuccessfully" time="0.983" classname="com.bank.testsuite.BankTest"/>
  <testcase name="customerShouldDepositMoneySuccessfully" time="1.391" classname="com.bank.testsuite.BankTest"/>
  <testcase name="customerShouldLoginAndLogoutSuccessfully" time="1.085" classname="com.bank.testsuite.BankTest"/>
  <testcase name="customerShouldWithdrawMoneySuccessfully" time="6.43" classname="com.bank.testsuite.BankTest"/>
</testsuite> <!-- Bank Test -->
