<?xml version="1.0" encoding="UTF-8"?>
<testsuite name="Bank Test"
           tests="5"
           failures="0"
           errors="0"
           skipped="0"
           time="10.438">
  <properties />
  
  
            <testcase name="customerShouldLoginAndLogoutSuccessfully" time="1.085" classname="com.bank.testsuite.BankTest" />
                <testcase name="customerShouldDepositMoneySuccessfully" time="1.391" classname="com.bank.testsuite.BankTest" />
                <testcase name="customerShouldWithdrawMoneySuccessfully" time="6.430" classname="com.bank.testsuite.BankTest" />
                <testcase name="bankManagerShouldAddCustomerSuccessfully" time="0.549" classname="com.bank.testsuite.BankTest" />
                <testcase name="bankManagerShouldOpenAccountSuccessfully" time="0.983" classname="com.bank.testsuite.BankTest" />
      
</testsuite>
