<?xml version="1.0" encoding="UTF-8"?>
<testng-results skipped="0" failed="0" ignored="0" total="5" passed="5">
  <reporter-output>
    <line>
      <![CDATA[Enter name in the First Name Field [[ChromeDriver: chrome on WINDOWS (c2680e2238a115f44a42fe5d5278cbcd)] -> xpath: //input[@placeholder = 'First Name']]]]>
    </line>
    <line>
      <![CDATA[Enter surname in the Last Name Field [[ChromeDriver: chrome on WINDOWS (c2680e2238a115f44a42fe5d5278cbcd)] -> xpath: //input[@placeholder = 'Last Name']]]]>
    </line>
    <line>
      <![CDATA[Enter postcode in the Postcode Field [[ChromeDriver: chrome on WINDOWS (c2680e2238a115f44a42fe5d5278cbcd)] -> xpath: //input[@placeholder = 'Post Code']]]]>
    </line>
    <line>
      <![CDATA[Click on Add Customer button [[ChromeDriver: chrome on WINDOWS (c2680e2238a115f44a42fe5d5278cbcd)] -> xpath: //button[text()= 'Add Customer']]]]>
    </line>
    <line>
      <![CDATA[Verifying Pop up display message]]>
    </line>
    <line>
      <![CDATA[click on Ok on pop [[ChromeDriver: chrome on WINDOWS (c2680e2238a115f44a42fe5d5278cbcd)] -> xpath: //input[@placeholder = 'First Name']]]]>
    </line>
    <line>
      <![CDATA[Enter name in the First Name Field [[ChromeDriver: chrome on WINDOWS (2a52811eb06ba7f529c4daea8aae2088)] -> xpath: //input[@placeholder = 'First Name']]]]>
    </line>
    <line>
      <![CDATA[Enter surname in the Last Name Field [[ChromeDriver: chrome on WINDOWS (2a52811eb06ba7f529c4daea8aae2088)] -> xpath: //input[@placeholder = 'Last Name']]]]>
    </line>
    <line>
      <![CDATA[Enter postcode in the Postcode Field [[ChromeDriver: chrome on WINDOWS (2a52811eb06ba7f529c4daea8aae2088)] -> xpath: //input[@placeholder = 'Post Code']]]]>
    </line>
    <line>
      <![CDATA[Click on Add Customer button [[ChromeDriver: chrome on WINDOWS (2a52811eb06ba7f529c4daea8aae2088)] -> xpath: //button[text()= 'Add Customer']]]]>
    </line>
    <line>
      <![CDATA[click on Ok on pop [[ChromeDriver: chrome on WINDOWS (2a52811eb06ba7f529c4daea8aae2088)] -> xpath: //input[@placeholder = 'First Name']]]]>
    </line>
    <line>
      <![CDATA[Enter name in the First Name Field [[ChromeDriver: chrome on WINDOWS (9302888f42eb0862eadce94a39e5c231)] -> xpath: //input[@placeholder = 'First Name']]]]>
    </line>
    <line>
      <![CDATA[Enter surname in the Last Name Field [[ChromeDriver: chrome on WINDOWS (9302888f42eb0862eadce94a39e5c231)] -> xpath: //input[@placeholder = 'Last Name']]]]>
    </line>
    <line>
      <![CDATA[Enter postcode in the Postcode Field [[ChromeDriver: chrome on WINDOWS (9302888f42eb0862eadce94a39e5c231)] -> xpath: //input[@placeholder = 'Post Code']]]]>
    </line>
    <line>
      <![CDATA[Click on Add Customer button [[ChromeDriver: chrome on WINDOWS (9302888f42eb0862eadce94a39e5c231)] -> xpath: //button[text()= 'Add Customer']]]]>
    </line>
    <line>
      <![CDATA[click on Ok on pop [[ChromeDriver: chrome on WINDOWS (9302888f42eb0862eadce94a39e5c231)] -> xpath: //input[@placeholder = 'First Name']]]]>
    </line>
    <line>
      <![CDATA[Clicking on Deposit Tab[[ChromeDriver: chrome on WINDOWS (9302888f42eb0862eadce94a39e5c231)] -> xpath: //button[@ng-click= 'deposit()']]]]>
    </line>
    <line>
      <![CDATA[Enter amount[[ChromeDriver: chrome on WINDOWS (9302888f42eb0862eadce94a39e5c231)] -> xpath: //input[@ng-model= 'amount']]]]>
    </line>
    <line>
      <![CDATA[Clicking on Deposit button[[ChromeDriver: chrome on WINDOWS (9302888f42eb0862eadce94a39e5c231)] -> xpath: //button[text()= 'Deposit']]]]>
    </line>
    <line>
      <![CDATA[Verifying Deposit is successful[[ChromeDriver: chrome on WINDOWS (9302888f42eb0862eadce94a39e5c231)] -> xpath: //span[text()= 'Deposit Successful']]]]>
    </line>
    <line>
      <![CDATA[Enter name in the First Name Field [[ChromeDriver: chrome on WINDOWS (6ac3a3b99f9a4fd35015a4bd9ade6898)] -> xpath: //input[@placeholder = 'First Name']]]]>
    </line>
    <line>
      <![CDATA[Enter surname in the Last Name Field [[ChromeDriver: chrome on WINDOWS (6ac3a3b99f9a4fd35015a4bd9ade6898)] -> xpath: //input[@placeholder = 'Last Name']]]]>
    </line>
    <line>
      <![CDATA[Enter postcode in the Postcode Field [[ChromeDriver: chrome on WINDOWS (6ac3a3b99f9a4fd35015a4bd9ade6898)] -> xpath: //input[@placeholder = 'Post Code']]]]>
    </line>
    <line>
      <![CDATA[Click on Add Customer button [[ChromeDriver: chrome on WINDOWS (6ac3a3b99f9a4fd35015a4bd9ade6898)] -> xpath: //button[text()= 'Add Customer']]]]>
    </line>
    <line>
      <![CDATA[click on Ok on pop [[ChromeDriver: chrome on WINDOWS (6ac3a3b99f9a4fd35015a4bd9ade6898)] -> xpath: //input[@placeholder = 'First Name']]]]>
    </line>
    <line>
      <![CDATA[Verifying Logout Tab is displayed[[ChromeDriver: chrome on WINDOWS (6ac3a3b99f9a4fd35015a4bd9ade6898)] -> xpath: //button[text()= 'Logout']]]]>
    </line>
    <line>
      <![CDATA[Clicking on Logout button[[ChromeDriver: chrome on WINDOWS (6ac3a3b99f9a4fd35015a4bd9ade6898)] -> xpath: //button[text()= 'Logout']]]]>
    </line>
    <line>
      <![CDATA[Enter name in the First Name Field [[ChromeDriver: chrome on WINDOWS (d1a3327cf5591051c4bdfda2d8dadab1)] -> xpath: //input[@placeholder = 'First Name']]]]>
    </line>
    <line>
      <![CDATA[Enter surname in the Last Name Field [[ChromeDriver: chrome on WINDOWS (d1a3327cf5591051c4bdfda2d8dadab1)] -> xpath: //input[@placeholder = 'Last Name']]]]>
    </line>
    <line>
      <![CDATA[Enter postcode in the Postcode Field [[ChromeDriver: chrome on WINDOWS (d1a3327cf5591051c4bdfda2d8dadab1)] -> xpath: //input[@placeholder = 'Post Code']]]]>
    </line>
    <line>
      <![CDATA[Click on Add Customer button [[ChromeDriver: chrome on WINDOWS (d1a3327cf5591051c4bdfda2d8dadab1)] -> xpath: //button[text()= 'Add Customer']]]]>
    </line>
    <line>
      <![CDATA[click on Ok on pop [[ChromeDriver: chrome on WINDOWS (d1a3327cf5591051c4bdfda2d8dadab1)] -> xpath: //input[@placeholder = 'First Name']]]]>
    </line>
    <line>
      <![CDATA[Clicking on Deposit Tab[[ChromeDriver: chrome on WINDOWS (d1a3327cf5591051c4bdfda2d8dadab1)] -> xpath: //button[@ng-click= 'deposit()']]]]>
    </line>
    <line>
      <![CDATA[Enter amount[[ChromeDriver: chrome on WINDOWS (d1a3327cf5591051c4bdfda2d8dadab1)] -> xpath: //input[@ng-model= 'amount']]]]>
    </line>
    <line>
      <![CDATA[Clicking on Deposit button[[ChromeDriver: chrome on WINDOWS (d1a3327cf5591051c4bdfda2d8dadab1)] -> xpath: //button[text()= 'Deposit']]]]>
    </line>
    <line>
      <![CDATA[Clicking on Withdrawal Tab[[ChromeDriver: chrome on WINDOWS (d1a3327cf5591051c4bdfda2d8dadab1)] -> xpath: //button[@ng-click= 'withdrawl()']]]]>
    </line>
    <line>
      <![CDATA[Enter amount[[ChromeDriver: chrome on WINDOWS (d1a3327cf5591051c4bdfda2d8dadab1)] -> xpath: //input[@ng-model= 'amount']]]]>
    </line>
    <line>
      <![CDATA[Clicking on Withdraw button[[ChromeDriver: chrome on WINDOWS (d1a3327cf5591051c4bdfda2d8dadab1)] -> xpath: //button[text()= 'Withdraw']]]]>
    </line>
    <line>
      <![CDATA[Verifying that Withdrawal is successful[[ChromeDriver: chrome on WINDOWS (d1a3327cf5591051c4bdfda2d8dadab1)] -> xpath: //span[text()= 'Transaction successful']]]]>
    </line>
  </reporter-output>
  <suite name="Bank Test" duration-ms="28938" started-at="2022-12-12T11:44:00 GMT" finished-at="2022-12-12T11:44:29 GMT">
    <groups>
      <group name="regression">
        <method signature="BankTest.bankManagerShouldAddCustomerSuccessfully()[pri:0, instance:com.bank.testsuite.BankTest@60438a68]" name="bankManagerShouldAddCustomerSuccessfully" class="com.bank.testsuite.BankTest"/>
        <method signature="BankTest.bankManagerShouldOpenAccountSuccessfully()[pri:0, instance:com.bank.testsuite.BankTest@60438a68]" name="bankManagerShouldOpenAccountSuccessfully" class="com.bank.testsuite.BankTest"/>
        <method signature="BankTest.customerShouldDepositMoneySuccessfully()[pri:0, instance:com.bank.testsuite.BankTest@60438a68]" name="customerShouldDepositMoneySuccessfully" class="com.bank.testsuite.BankTest"/>
        <method signature="BankTest.customerShouldLoginAndLogoutSuccessfully()[pri:0, instance:com.bank.testsuite.BankTest@60438a68]" name="customerShouldLoginAndLogoutSuccessfully" class="com.bank.testsuite.BankTest"/>
        <method signature="BankTest.customerShouldWithdrawMoneySuccessfully()[pri:0, instance:com.bank.testsuite.BankTest@60438a68]" name="customerShouldWithdrawMoneySuccessfully" class="com.bank.testsuite.BankTest"/>
      </group> <!-- regression -->
      <group name="smoke">
        <method signature="BankTest.bankManagerShouldOpenAccountSuccessfully()[pri:0, instance:com.bank.testsuite.BankTest@60438a68]" name="bankManagerShouldOpenAccountSuccessfully" class="com.bank.testsuite.BankTest"/>
      </group> <!-- smoke -->
      <group name="sanity">
        <method signature="BankTest.bankManagerShouldAddCustomerSuccessfully()[pri:0, instance:com.bank.testsuite.BankTest@60438a68]" name="bankManagerShouldAddCustomerSuccessfully" class="com.bank.testsuite.BankTest"/>
      </group> <!-- sanity -->
    </groups>
    <test name="Bank Test" duration-ms="28938" started-at="2022-12-12T11:44:00 GMT" finished-at="2022-12-12T11:44:29 GMT">
      <class name="com.bank.testsuite.BankTest">
        <test-method status="PASS" signature="setUp()[pri:0, instance:com.bank.testsuite.BankTest@60438a68]" name="setUp" is-config="true" duration-ms="2710" started-at="2022-12-12T11:44:00 GMT" finished-at="2022-12-12T11:44:03 GMT">
          <reporter-output>
          </reporter-output>
        </test-method> <!-- setUp -->
        <test-method status="PASS" signature="inIt()[pri:0, instance:com.bank.testsuite.BankTest@60438a68]" name="inIt" is-config="true" duration-ms="2" started-at="2022-12-12T11:44:03 GMT" finished-at="2022-12-12T11:44:03 GMT">
          <reporter-output>
          </reporter-output>
        </test-method> <!-- inIt -->
        <test-method status="PASS" signature="bankManagerShouldAddCustomerSuccessfully()[pri:0, instance:com.bank.testsuite.BankTest@60438a68]" name="bankManagerShouldAddCustomerSuccessfully" duration-ms="549" started-at="2022-12-12T11:44:03 GMT" finished-at="2022-12-12T11:44:03 GMT">
          <reporter-output>
            <line>
              <![CDATA[Enter name in the First Name Field [[ChromeDriver: chrome on WINDOWS (c2680e2238a115f44a42fe5d5278cbcd)] -> xpath: //input[@placeholder = 'First Name']]]]>
            </line>
            <line>
              <![CDATA[Enter surname in the Last Name Field [[ChromeDriver: chrome on WINDOWS (c2680e2238a115f44a42fe5d5278cbcd)] -> xpath: //input[@placeholder = 'Last Name']]]]>
            </line>
            <line>
              <![CDATA[Enter postcode in the Postcode Field [[ChromeDriver: chrome on WINDOWS (c2680e2238a115f44a42fe5d5278cbcd)] -> xpath: //input[@placeholder = 'Post Code']]]]>
            </line>
            <line>
              <![CDATA[Click on Add Customer button [[ChromeDriver: chrome on WINDOWS (c2680e2238a115f44a42fe5d5278cbcd)] -> xpath: //button[text()= 'Add Customer']]]]>
            </line>
            <line>
              <![CDATA[Verifying Pop up display message]]>
            </line>
            <line>
              <![CDATA[click on Ok on pop [[ChromeDriver: chrome on WINDOWS (c2680e2238a115f44a42fe5d5278cbcd)] -> xpath: //input[@placeholder = 'First Name']]]]>
            </line>
          </reporter-output>
        </test-method> <!-- bankManagerShouldAddCustomerSuccessfully -->
        <test-method status="PASS" signature="tearDown()[pri:0, instance:com.bank.testsuite.BankTest@60438a68]" name="tearDown" is-config="true" duration-ms="643" started-at="2022-12-12T11:44:03 GMT" finished-at="2022-12-12T11:44:04 GMT">
          <reporter-output>
          </reporter-output>
        </test-method> <!-- tearDown -->
        <test-method status="PASS" signature="setUp()[pri:0, instance:com.bank.testsuite.BankTest@60438a68]" name="setUp" is-config="true" duration-ms="6683" started-at="2022-12-12T11:44:04 GMT" finished-at="2022-12-12T11:44:11 GMT">
          <reporter-output>
          </reporter-output>
        </test-method> <!-- setUp -->
        <test-method status="PASS" signature="inIt()[pri:0, instance:com.bank.testsuite.BankTest@60438a68]" name="inIt" is-config="true" duration-ms="1" started-at="2022-12-12T11:44:11 GMT" finished-at="2022-12-12T11:44:11 GMT">
          <reporter-output>
          </reporter-output>
        </test-method> <!-- inIt -->
        <test-method status="PASS" signature="bankManagerShouldOpenAccountSuccessfully()[pri:0, instance:com.bank.testsuite.BankTest@60438a68]" name="bankManagerShouldOpenAccountSuccessfully" duration-ms="983" started-at="2022-12-12T11:44:11 GMT" finished-at="2022-12-12T11:44:12 GMT">
          <reporter-output>
            <line>
              <![CDATA[Enter name in the First Name Field [[ChromeDriver: chrome on WINDOWS (2a52811eb06ba7f529c4daea8aae2088)] -> xpath: //input[@placeholder = 'First Name']]]]>
            </line>
            <line>
              <![CDATA[Enter surname in the Last Name Field [[ChromeDriver: chrome on WINDOWS (2a52811eb06ba7f529c4daea8aae2088)] -> xpath: //input[@placeholder = 'Last Name']]]]>
            </line>
            <line>
              <![CDATA[Enter postcode in the Postcode Field [[ChromeDriver: chrome on WINDOWS (2a52811eb06ba7f529c4daea8aae2088)] -> xpath: //input[@placeholder = 'Post Code']]]]>
            </line>
            <line>
              <![CDATA[Click on Add Customer button [[ChromeDriver: chrome on WINDOWS (2a52811eb06ba7f529c4daea8aae2088)] -> xpath: //button[text()= 'Add Customer']]]]>
            </line>
            <line>
              <![CDATA[click on Ok on pop [[ChromeDriver: chrome on WINDOWS (2a52811eb06ba7f529c4daea8aae2088)] -> xpath: //input[@placeholder = 'First Name']]]]>
            </line>
          </reporter-output>
        </test-method> <!-- bankManagerShouldOpenAccountSuccessfully -->
        <test-method status="PASS" signature="tearDown()[pri:0, instance:com.bank.testsuite.BankTest@60438a68]" name="tearDown" is-config="true" duration-ms="670" started-at="2022-12-12T11:44:12 GMT" finished-at="2022-12-12T11:44:12 GMT">
          <reporter-output>
          </reporter-output>
        </test-method> <!-- tearDown -->
        <test-method status="PASS" signature="setUp()[pri:0, instance:com.bank.testsuite.BankTest@60438a68]" name="setUp" is-config="true" duration-ms="1707" started-at="2022-12-12T11:44:12 GMT" finished-at="2022-12-12T11:44:14 GMT">
          <reporter-output>
          </reporter-output>
        </test-method> <!-- setUp -->
        <test-method status="PASS" signature="inIt()[pri:0, instance:com.bank.testsuite.BankTest@60438a68]" name="inIt" is-config="true" duration-ms="2" started-at="2022-12-12T11:44:14 GMT" finished-at="2022-12-12T11:44:14 GMT">
          <reporter-output>
          </reporter-output>
        </test-method> <!-- inIt -->
        <test-method status="PASS" signature="customerShouldDepositMoneySuccessfully()[pri:0, instance:com.bank.testsuite.BankTest@60438a68]" name="customerShouldDepositMoneySuccessfully" duration-ms="1391" started-at="2022-12-12T11:44:14 GMT" finished-at="2022-12-12T11:44:15 GMT">
          <reporter-output>
            <line>
              <![CDATA[Enter name in the First Name Field [[ChromeDriver: chrome on WINDOWS (9302888f42eb0862eadce94a39e5c231)] -> xpath: //input[@placeholder = 'First Name']]]]>
            </line>
            <line>
              <![CDATA[Enter surname in the Last Name Field [[ChromeDriver: chrome on WINDOWS (9302888f42eb0862eadce94a39e5c231)] -> xpath: //input[@placeholder = 'Last Name']]]]>
            </line>
            <line>
              <![CDATA[Enter postcode in the Postcode Field [[ChromeDriver: chrome on WINDOWS (9302888f42eb0862eadce94a39e5c231)] -> xpath: //input[@placeholder = 'Post Code']]]]>
            </line>
            <line>
              <![CDATA[Click on Add Customer button [[ChromeDriver: chrome on WINDOWS (9302888f42eb0862eadce94a39e5c231)] -> xpath: //button[text()= 'Add Customer']]]]>
            </line>
            <line>
              <![CDATA[click on Ok on pop [[ChromeDriver: chrome on WINDOWS (9302888f42eb0862eadce94a39e5c231)] -> xpath: //input[@placeholder = 'First Name']]]]>
            </line>
            <line>
              <![CDATA[Clicking on Deposit Tab[[ChromeDriver: chrome on WINDOWS (9302888f42eb0862eadce94a39e5c231)] -> xpath: //button[@ng-click= 'deposit()']]]]>
            </line>
            <line>
              <![CDATA[Enter amount[[ChromeDriver: chrome on WINDOWS (9302888f42eb0862eadce94a39e5c231)] -> xpath: //input[@ng-model= 'amount']]]]>
            </line>
            <line>
              <![CDATA[Clicking on Deposit button[[ChromeDriver: chrome on WINDOWS (9302888f42eb0862eadce94a39e5c231)] -> xpath: //button[text()= 'Deposit']]]]>
            </line>
            <line>
              <![CDATA[Verifying Deposit is successful[[ChromeDriver: chrome on WINDOWS (9302888f42eb0862eadce94a39e5c231)] -> xpath: //span[text()= 'Deposit Successful']]]]>
            </line>
          </reporter-output>
        </test-method> <!-- customerShouldDepositMoneySuccessfully -->
        <test-method status="PASS" signature="tearDown()[pri:0, instance:com.bank.testsuite.BankTest@60438a68]" name="tearDown" is-config="true" duration-ms="648" started-at="2022-12-12T11:44:15 GMT" finished-at="2022-12-12T11:44:16 GMT">
          <reporter-output>
          </reporter-output>
        </test-method> <!-- tearDown -->
        <test-method status="PASS" signature="setUp()[pri:0, instance:com.bank.testsuite.BankTest@60438a68]" name="setUp" is-config="true" duration-ms="2160" started-at="2022-12-12T11:44:16 GMT" finished-at="2022-12-12T11:44:18 GMT">
          <reporter-output>
          </reporter-output>
        </test-method> <!-- setUp -->
        <test-method status="PASS" signature="inIt()[pri:0, instance:com.bank.testsuite.BankTest@60438a68]" name="inIt" is-config="true" duration-ms="1" started-at="2022-12-12T11:44:18 GMT" finished-at="2022-12-12T11:44:18 GMT">
          <reporter-output>
          </reporter-output>
        </test-method> <!-- inIt -->
        <test-method status="PASS" signature="customerShouldLoginAndLogoutSuccessfully()[pri:0, instance:com.bank.testsuite.BankTest@60438a68]" name="customerShouldLoginAndLogoutSuccessfully" duration-ms="1085" started-at="2022-12-12T11:44:18 GMT" finished-at="2022-12-12T11:44:19 GMT">
          <reporter-output>
            <line>
              <![CDATA[Enter name in the First Name Field [[ChromeDriver: chrome on WINDOWS (6ac3a3b99f9a4fd35015a4bd9ade6898)] -> xpath: //input[@placeholder = 'First Name']]]]>
            </line>
            <line>
              <![CDATA[Enter surname in the Last Name Field [[ChromeDriver: chrome on WINDOWS (6ac3a3b99f9a4fd35015a4bd9ade6898)] -> xpath: //input[@placeholder = 'Last Name']]]]>
            </line>
            <line>
              <![CDATA[Enter postcode in the Postcode Field [[ChromeDriver: chrome on WINDOWS (6ac3a3b99f9a4fd35015a4bd9ade6898)] -> xpath: //input[@placeholder = 'Post Code']]]]>
            </line>
            <line>
              <![CDATA[Click on Add Customer button [[ChromeDriver: chrome on WINDOWS (6ac3a3b99f9a4fd35015a4bd9ade6898)] -> xpath: //button[text()= 'Add Customer']]]]>
            </line>
            <line>
              <![CDATA[click on Ok on pop [[ChromeDriver: chrome on WINDOWS (6ac3a3b99f9a4fd35015a4bd9ade6898)] -> xpath: //input[@placeholder = 'First Name']]]]>
            </line>
            <line>
              <![CDATA[Verifying Logout Tab is displayed[[ChromeDriver: chrome on WINDOWS (6ac3a3b99f9a4fd35015a4bd9ade6898)] -> xpath: //button[text()= 'Logout']]]]>
            </line>
            <line>
              <![CDATA[Clicking on Logout button[[ChromeDriver: chrome on WINDOWS (6ac3a3b99f9a4fd35015a4bd9ade6898)] -> xpath: //button[text()= 'Logout']]]]>
            </line>
          </reporter-output>
        </test-method> <!-- customerShouldLoginAndLogoutSuccessfully -->
        <test-method status="PASS" signature="tearDown()[pri:0, instance:com.bank.testsuite.BankTest@60438a68]" name="tearDown" is-config="true" duration-ms="641" started-at="2022-12-12T11:44:19 GMT" finished-at="2022-12-12T11:44:20 GMT">
          <reporter-output>
          </reporter-output>
        </test-method> <!-- tearDown -->
        <test-method status="PASS" signature="setUp()[pri:0, instance:com.bank.testsuite.BankTest@60438a68]" name="setUp" is-config="true" duration-ms="1735" started-at="2022-12-12T11:44:20 GMT" finished-at="2022-12-12T11:44:22 GMT">
          <reporter-output>
          </reporter-output>
        </test-method> <!-- setUp -->
        <test-method status="PASS" signature="inIt()[pri:0, instance:com.bank.testsuite.BankTest@60438a68]" name="inIt" is-config="true" duration-ms="1" started-at="2022-12-12T11:44:22 GMT" finished-at="2022-12-12T11:44:22 GMT">
          <reporter-output>
          </reporter-output>
        </test-method> <!-- inIt -->
        <test-method status="PASS" signature="customerShouldWithdrawMoneySuccessfully()[pri:0, instance:com.bank.testsuite.BankTest@60438a68]" name="customerShouldWithdrawMoneySuccessfully" duration-ms="6430" started-at="2022-12-12T11:44:22 GMT" finished-at="2022-12-12T11:44:28 GMT">
          <reporter-output>
            <line>
              <![CDATA[Enter name in the First Name Field [[ChromeDriver: chrome on WINDOWS (d1a3327cf5591051c4bdfda2d8dadab1)] -> xpath: //input[@placeholder = 'First Name']]]]>
            </line>
            <line>
              <![CDATA[Enter surname in the Last Name Field [[ChromeDriver: chrome on WINDOWS (d1a3327cf5591051c4bdfda2d8dadab1)] -> xpath: //input[@placeholder = 'Last Name']]]]>
            </line>
            <line>
              <![CDATA[Enter postcode in the Postcode Field [[ChromeDriver: chrome on WINDOWS (d1a3327cf5591051c4bdfda2d8dadab1)] -> xpath: //input[@placeholder = 'Post Code']]]]>
            </line>
            <line>
              <![CDATA[Click on Add Customer button [[ChromeDriver: chrome on WINDOWS (d1a3327cf5591051c4bdfda2d8dadab1)] -> xpath: //button[text()= 'Add Customer']]]]>
            </line>
            <line>
              <![CDATA[click on Ok on pop [[ChromeDriver: chrome on WINDOWS (d1a3327cf5591051c4bdfda2d8dadab1)] -> xpath: //input[@placeholder = 'First Name']]]]>
            </line>
            <line>
              <![CDATA[Clicking on Deposit Tab[[ChromeDriver: chrome on WINDOWS (d1a3327cf5591051c4bdfda2d8dadab1)] -> xpath: //button[@ng-click= 'deposit()']]]]>
            </line>
            <line>
              <![CDATA[Enter amount[[ChromeDriver: chrome on WINDOWS (d1a3327cf5591051c4bdfda2d8dadab1)] -> xpath: //input[@ng-model= 'amount']]]]>
            </line>
            <line>
              <![CDATA[Clicking on Deposit button[[ChromeDriver: chrome on WINDOWS (d1a3327cf5591051c4bdfda2d8dadab1)] -> xpath: //button[text()= 'Deposit']]]]>
            </line>
            <line>
              <![CDATA[Clicking on Withdrawal Tab[[ChromeDriver: chrome on WINDOWS (d1a3327cf5591051c4bdfda2d8dadab1)] -> xpath: //button[@ng-click= 'withdrawl()']]]]>
            </line>
            <line>
              <![CDATA[Enter amount[[ChromeDriver: chrome on WINDOWS (d1a3327cf5591051c4bdfda2d8dadab1)] -> xpath: //input[@ng-model= 'amount']]]]>
            </line>
            <line>
              <![CDATA[Clicking on Withdraw button[[ChromeDriver: chrome on WINDOWS (d1a3327cf5591051c4bdfda2d8dadab1)] -> xpath: //button[text()= 'Withdraw']]]]>
            </line>
            <line>
              <![CDATA[Verifying that Withdrawal is successful[[ChromeDriver: chrome on WINDOWS (d1a3327cf5591051c4bdfda2d8dadab1)] -> xpath: //span[text()= 'Transaction successful']]]]>
            </line>
          </reporter-output>
        </test-method> <!-- customerShouldWithdrawMoneySuccessfully -->
        <test-method status="PASS" signature="tearDown()[pri:0, instance:com.bank.testsuite.BankTest@60438a68]" name="tearDown" is-config="true" duration-ms="642" started-at="2022-12-12T11:44:28 GMT" finished-at="2022-12-12T11:44:29 GMT">
          <reporter-output>
          </reporter-output>
        </test-method> <!-- tearDown -->
      </class> <!-- com.bank.testsuite.BankTest -->
    </test> <!-- Bank Test -->
  </suite> <!-- Bank Test -->
</testng-results>
