<?xml version="1.0" encoding="UTF-8"?>
<!-- Generated by org.testng.reporters.JUnitXMLReporter -->
<testsuite hostname="Humaira" ignored="4" name="Smoke Test" tests="1" failures="0" timestamp="2022-12-12T11:42:04 GMT" time="4.389" errors="0">
  <testcase name="bankManagerShouldOpenAccountSuccessfully" time="0.862" classname="com.bank.testsuite.BankTest"/>
  <testcase name="bankManagerShouldAddCustomerSuccessfully" time="0.0" classname="com.bank.testsuite.BankTest">
    <ignored/>
  </testcase> <!-- bankManagerShouldAddCustomerSuccessfully -->
  <testcase name="customerShouldLoginAndLogoutSuccessfully" time="0.0" classname="com.bank.testsuite.BankTest">
    <ignored/>
  </testcase> <!-- customerShouldLoginAndLogoutSuccessfully -->
  <testcase name="customerShouldDepositMoneySuccessfully" time="0.0" classname="com.bank.testsuite.BankTest">
    <ignored/>
  </testcase> <!-- customerShouldDepositMoneySuccessfully -->
  <testcase name="customerShouldWithdrawMoneySuccessfully" time="0.0" classname="com.bank.testsuite.BankTest">
    <ignored/>
  </testcase> <!-- customerShouldWithdrawMoneySuccessfully -->
</testsuite> <!-- Smoke Test -->
