<?xml version="1.0" encoding="UTF-8"?>
<!-- Generated by org.testng.reporters.JUnitXMLReporter -->
<testsuite hostname="Humaira" ignored="0" name="Regression Test" tests="5" failures="0" timestamp="2022-12-12T11:41:10 GMT" time="28.887" errors="0">
  <testcase name="bankManagerShouldAddCustomerSuccessfully" time="0.503" classname="com.bank.testsuite.BankTest"/>
  <testcase name="bankManagerShouldOpenAccountSuccessfully" time="0.882" classname="com.bank.testsuite.BankTest"/>
  <testcase name="customerShouldDepositMoneySuccessfully" time="1.523" classname="com.bank.testsuite.BankTest"/>
  <testcase name="customerShouldLoginAndLogoutSuccessfully" time="1.19" classname="com.bank.testsuite.BankTest"/>
  <testcase name="customerShouldWithdrawMoneySuccessfully" time="6.637" classname="com.bank.testsuite.BankTest"/>
</testsuite> <!-- Regression Test -->
